<?xml version="1.0" encoding="UTF-8"?>
<!-- Generated by org.testng.reporters.JUnitReportReporter -->
<testsuite hostname="DESKTOP-T2FG83M" failures="0" tests="2" name="rest_api.Pizza_order" time="3.985" errors="0" timestamp="2022-11-17T13:45:28 IST" skipped="1">
  <testcase classname="rest_api.Pizza_order" name="create_order" time="3.985"/>
  <system-out/>
  <testcase classname="rest_api.Pizza_order" name="create_token">
    <skipped/>
  </testcase> <!-- create_token -->
  <system-out/>
</testsuite> <!-- rest_api.Pizza_order -->
