<?xml version="1.0" encoding="UTF-8"?>
<!-- Generated by org.testng.reporters.JUnitReportReporter -->
<testsuite hostname="DESKTOP-T2FG83M" failures="0" tests="1" name="rest_api.Trello2" time="5.679" errors="0" timestamp="2022-11-15T13:24:16 IST" skipped="0">
  <testcase classname="rest_api.Trello2" name="createBoard" time="5.679"/>
  <system-out/>
</testsuite> <!-- rest_api.Trello2 -->
