<?xml version="1.0" encoding="UTF-8"?>
<!-- Generated by org.testng.reporters.JUnitReportReporter -->
<testsuite hostname="DESKTOP-T2FG83M" failures="0" tests="7" name="rest_api.Rest_assured_api" time="3.829" errors="0" timestamp="2022-11-15T10:06:15 IST" skipped="6">
  <testcase classname="rest_api.Rest_assured_api" name="register_tc7" time="3.829"/>
  <system-out/>
  <testcase classname="rest_api.Rest_assured_api" name="post_tc4">
    <skipped/>
  </testcase> <!-- post_tc4 -->
  <system-out/>
  <testcase classname="rest_api.Rest_assured_api" name="get_tc3">
    <skipped/>
  </testcase> <!-- get_tc3 -->
  <system-out/>
  <testcase classname="rest_api.Rest_assured_api" name="delete_tc6">
    <skipped/>
  </testcase> <!-- delete_tc6 -->
  <system-out/>
  <testcase classname="rest_api.Rest_assured_api" name="get_tc2">
    <skipped/>
  </testcase> <!-- get_tc2 -->
  <system-out/>
  <testcase classname="rest_api.Rest_assured_api" name="get_tc1">
    <skipped/>
  </testcase> <!-- get_tc1 -->
  <system-out/>
  <testcase classname="rest_api.Rest_assured_api" name="put_tc5">
    <skipped/>
  </testcase> <!-- put_tc5 -->
  <system-out/>
</testsuite> <!-- rest_api.Rest_assured_api -->
