<?xml version="1.0" encoding="UTF-8"?>
<!-- Generated by org.testng.reporters.JUnitReportReporter -->
<testsuite hostname="DESKTOP-T2FG83M" failures="0" tests="2" name="rest_api.TRELLO" time="4.615" errors="0" timestamp="2022-11-16T19:40:31 IST" skipped="1">
  <testcase classname="rest_api.TRELLO" name="create_board" time="4.615"/>
  <system-out/>
  <testcase classname="rest_api.TRELLO" name="delete">
    <skipped/>
  </testcase> <!-- delete -->
  <system-out/>
</testsuite> <!-- rest_api.TRELLO -->
