<?xml version="1.0" encoding="UTF-8"?>
<!-- Generated by org.testng.reporters.JUnitReportReporter -->
<testsuite hostname="DESKTOP-T2FG83M" failures="0" tests="7" name="rest_api.Shopping_cart" time="3.694" errors="0" timestamp="2022-11-17T10:24:48 IST" skipped="6">
  <testcase classname="rest_api.Shopping_cart" name="logout" time="3.694"/>
  <system-out/>
  <testcase classname="rest_api.Shopping_cart" name="get_acc_detail">
    <skipped/>
  </testcase> <!-- get_acc_detail -->
  <system-out/>
  <testcase classname="rest_api.Shopping_cart" name="register">
    <skipped/>
  </testcase> <!-- register -->
  <system-out/>
  <testcase classname="rest_api.Shopping_cart" name="forgot_password">
    <skipped/>
  </testcase> <!-- forgot_password -->
  <system-out/>
  <testcase classname="rest_api.Shopping_cart" name="login">
    <skipped/>
  </testcase> <!-- login -->
  <system-out/>
  <testcase classname="rest_api.Shopping_cart" name="get_token">
    <skipped/>
  </testcase> <!-- get_token -->
  <system-out/>
  <testcase classname="rest_api.Shopping_cart" name="update_acc">
    <skipped/>
  </testcase> <!-- update_acc -->
  <system-out/>
</testsuite> <!-- rest_api.Shopping_cart -->
