<?xml version="1.0" encoding="UTF-8"?>
<!-- Generated by org.testng.reporters.JUnitReportReporter -->
<testsuite hostname="DESKTOP-T2FG83M" failures="0" tests="2" name="rest_api.Google_Map" time="3.820" errors="0" timestamp="2022-11-16T19:39:53 IST" skipped="1">
  <testcase classname="rest_api.Google_Map" name="add" time="3.820"/>
  <system-out/>
  <testcase classname="rest_api.Google_Map" name="delete">
    <skipped/>
  </testcase> <!-- delete -->
  <system-out/>
</testsuite> <!-- rest_api.Google_Map -->
